[19:08:02] [main/INFO] (FabricLoader/GameProvider) Loading Minecraft 1.20.2 with Fabric Loader 0.14.23
[19:08:03] [main/INFO] (FabricLoader) Loading 55 mods:
	- fabric-api 0.90.0+1.20.2
	- fabric-api-base 0.4.33+fce67b32a0
	- fabric-api-lookup-api-v1 1.6.41+fce67b32a0
	- fabric-biome-api-v1 13.0.13+661cc8c6a0
	- fabric-block-api-v1 1.0.12+73761d2ea0
	- fabric-block-view-api-v2 1.0.1+73761d2ea0
	- fabric-blockrenderlayer-v1 1.1.43+f4b7e424a0
	- fabric-client-tags-api-v1 1.1.4+86b12645a0
	- fabric-command-api-v1 1.2.36+f71b366fa0
	- fabric-command-api-v2 2.2.15+86b12645a0
	- fabric-commands-v0 0.2.53+df3654b3a0
	- fabric-containers-v0 0.1.73+df3654b3a0
	- fabric-content-registries-v0 5.0.4+285022b3a0
	- fabric-convention-tags-v1 1.5.7+f4b7e424a0
	- fabric-crash-report-info-v1 0.2.20+f4b7e424a0
	- fabric-data-generation-api-v1 13.1.3+e3d2bf3fa0
	- fabric-dimensions-v1 2.1.56+b1229956a0
	- fabric-entity-events-v1 1.5.25+f4b7e424a0
	- fabric-events-interaction-v0 0.6.9+daef22a2a0
	- fabric-events-lifecycle-v0 0.2.68+df3654b3a0
	- fabric-game-rule-api-v1 1.0.40+f4b7e424a0
	- fabric-gametest-api-v1 1.2.15+86b12645a0
	- fabric-item-api-v1 2.1.32+43511215a0
	- fabric-item-group-api-v1 4.0.14+e3d2bf3fa0
	- fabric-key-binding-api-v1 1.0.38+f4b7e424a0
	- fabric-keybindings-v0 0.2.36+df3654b3a0
	- fabric-lifecycle-events-v1 2.2.26+3bafade3a0
	- fabric-loot-api-v2 2.1.0+3ba460fba0
	- fabric-message-api-v1 6.0.2+e3d2bf3fa0
	- fabric-mining-level-api-v1 2.1.54+f4b7e424a0
	- fabric-model-loading-api-v1 1.0.5+f4b7e424a0
	- fabric-models-v0 0.4.4+9386d8a7a0
	- fabric-networking-api-v1 3.0.9+e3d2bf3fa0
	- fabric-object-builder-api-v1 12.1.1+b1b4f7b0a0
	- fabric-particles-v1 1.1.4+f4b7e424a0
	- fabric-recipe-api-v1 2.0.6+96509552a0
	- fabric-registry-sync-v0 4.0.4+34a3e0e2a0
	- fabric-renderer-api-v1 3.2.1+2034447ca0
	- fabric-renderer-indigo 1.5.1+2034447ca0
	- fabric-renderer-registries-v1 3.2.48+df3654b3a0
	- fabric-rendering-data-attachment-v1 0.3.39+73761d2ea0
	- fabric-rendering-fluids-v1 3.0.30+f4b7e424a0
	- fabric-rendering-v0 1.1.51+df3654b3a0
	- fabric-rendering-v1 3.0.10+86b12645a0
	- fabric-resource-conditions-api-v1 2.3.10+e3d2bf3fa0
	- fabric-resource-loader-v0 0.11.11+86b12645a0
	- fabric-screen-api-v1 2.0.11+0ba8e9cea0
	- fabric-screen-handler-api-v1 1.3.39+86b12645a0
	- fabric-sound-api-v1 1.0.14+f4b7e424a0
	- fabric-transfer-api-v1 3.3.8+109a65e5a0
	- fabric-transitive-access-wideners-v1 5.0.3+fce67b32a0
	- fabricloader 0.14.23
	- java 20
	- minecraft 1.20.2
	- testmod 1.0.0
[19:08:03] [main/INFO] (FabricLoader/Mixin) SpongePowered MIXIN Subsystem Version=0.8.5 Source=file:/C:/Users/Glan%20Pierce/.gradle/caches/modules-2/files-2.1/net.fabricmc/sponge-mixin/0.12.5+mixin.0.8.5/8d31fb97c3e0cd7c8dad3441851c523bcfae6d8e/sponge-mixin-0.12.5+mixin.0.8.5.jar Service=Knot/Fabric Env=CLIENT
[19:08:03] [main/INFO] (FabricLoader/Mixin) Loaded Fabric development mappings for mixin remapper!
[19:08:03] [main/INFO] (FabricLoader/Mixin) Compatibility level set to JAVA_16
[19:08:03] [main/INFO] (FabricLoader/Mixin) Compatibility level set to JAVA_17
[19:08:12] [Datafixer Bootstrap/INFO] (Minecraft) 192 Datafixer optimizations took 137 milliseconds
[19:08:15] [Render thread/INFO] (Minecraft) Environment: Environment[accountsHost=https://api.mojang.com, sessionHost=https://sessionserver.mojang.com, servicesHost=https://api.minecraftservices.com, name=PROD]
[19:08:16] [Render thread/ERROR] (Minecraft) Failed to verify authentication
com.mojang.authlib.exceptions.InvalidCredentialsException: Status: 401
	at com.mojang.authlib.exceptions.MinecraftClientHttpException.toAuthenticationException(MinecraftClientHttpException.java:59) ~[authlib-5.0.47.jar:?]
	at com.mojang.authlib.yggdrasil.YggdrasilUserApiService.fetchProperties(YggdrasilUserApiService.java:159) ~[authlib-5.0.47.jar:?]
	at com.mojang.authlib.yggdrasil.YggdrasilUserApiService.<init>(YggdrasilUserApiService.java:53) ~[authlib-5.0.47.jar:?]
	at com.mojang.authlib.yggdrasil.YggdrasilAuthenticationService.createUserApiService(YggdrasilAuthenticationService.java:55) ~[authlib-5.0.47.jar:?]
	at net.minecraft.client.MinecraftClient.createUserApiService(MinecraftClient.java:758) ~[minecraft-merged-1f338b2c9f-1.20.2-net.fabricmc.yarn.1_20_2.1.20.2+build.4-v2.jar:?]
	at net.minecraft.client.MinecraftClient.<init>(MinecraftClient.java:515) ~[minecraft-merged-1f338b2c9f-1.20.2-net.fabricmc.yarn.1_20_2.1.20.2+build.4-v2.jar:?]
	at net.minecraft.client.main.Main.main(Main.java:194) ~[minecraft-merged-1f338b2c9f-1.20.2-net.fabricmc.yarn.1_20_2.1.20.2+build.4-v2.jar:?]
	at net.fabricmc.loader.impl.game.minecraft.MinecraftGameProvider.launch(MinecraftGameProvider.java:468) ~[fabric-loader-0.14.23.jar:?]
	at net.fabricmc.loader.impl.launch.knot.Knot.launch(Knot.java:74) ~[fabric-loader-0.14.23.jar:?]
	at net.fabricmc.loader.impl.launch.knot.KnotClient.main(KnotClient.java:23) ~[fabric-loader-0.14.23.jar:?]
	at net.fabricmc.devlaunchinjector.Main.main(Main.java:86) ~[dev-launch-injector-0.2.1+build.8.jar:?]
Caused by: com.mojang.authlib.exceptions.MinecraftClientHttpException: Status: 401
	at com.mojang.authlib.minecraft.client.MinecraftClient.readInputStream(MinecraftClient.java:100) ~[authlib-5.0.47.jar:?]
	at com.mojang.authlib.minecraft.client.MinecraftClient.get(MinecraftClient.java:57) ~[authlib-5.0.47.jar:?]
	at com.mojang.authlib.yggdrasil.YggdrasilUserApiService.fetchProperties(YggdrasilUserApiService.java:130) ~[authlib-5.0.47.jar:?]
	... 9 more
[19:08:16] [Render thread/INFO] (Minecraft) Setting user: Player87
[19:08:17] [Render thread/INFO] (testmod) Hello Fabric world!
[19:08:17] [Render thread/INFO] (testmod) Registering ModBlocks for testmod
[19:08:17] [Render thread/INFO] (Indigo) [Indigo] Registering Indigo renderer!
[19:08:18] [Render thread/INFO] (Minecraft) Backend library: LWJGL version 3.3.2-snapshot
[19:08:19] [Render thread/INFO] (Minecraft) Reloading ResourceManager: vanilla, fabric (fabric-gametest-api-v1, fabric-command-api-v1, fabric-sound-api-v1, fabric-rendering-v1, fabric-blockrenderlayer-v1, fabric-dimensions-v1, fabric-content-registries-v0, fabric-game-rule-api-v1, fabric-crash-report-info-v1, fabric-keybindings-v0, fabric-message-api-v1, fabric-screen-api-v1, fabric-rendering-v0, fabric-block-api-v1, fabric-loot-api-v2, fabric-particles-v1, fabric-networking-api-v1, fabric-key-binding-api-v1, fabricloader, fabric-transitive-access-wideners-v1, fabric-api-lookup-api-v1, testmod, fabric-block-view-api-v2, fabric-rendering-fluids-v1, fabric-lifecycle-events-v1, fabric-biome-api-v1, fabric-data-generation-api-v1, fabric-client-tags-api-v1, fabric-convention-tags-v1, fabric-containers-v0, fabric-screen-handler-api-v1, fabric-registry-sync-v0, fabric-commands-v0, fabric-transfer-api-v1, fabric-api-base, fabric-resource-conditions-api-v1, fabric-recipe-api-v1, fabric-renderer-registries-v1, fabric-models-v0, fabric-command-api-v2, fabric-resource-loader-v0, fabric-entity-events-v1, fabric-model-loading-api-v1, fabric-rendering-data-attachment-v1, fabric-item-api-v1, fabric-mining-level-api-v1, fabric-renderer-indigo, fabric-renderer-api-v1, fabric-item-group-api-v1, fabric-object-builder-api-v1, fabric-events-interaction-v0, fabric-events-lifecycle-v0, fabric-api)
[19:08:20] [Worker-Main-13/INFO] (Minecraft) Found unifont_all_no_pua-15.0.06.hex, loading
[19:08:20] [Worker-Main-7/WARN] (Minecraft) Texture testmod:item/shuaige with size 52x56 limits mip level from 4 to 2
[19:08:20] [Worker-Main-7/WARN] (Minecraft) minecraft:textures/atlas/blocks.png: dropping miplevel from 4 to 2, because of minimum power of two: 4
[19:08:21] [Render thread/WARN] (Minecraft) Missing sound for event: minecraft:item.goat_horn.play
[19:08:21] [Render thread/WARN] (Minecraft) Missing sound for event: minecraft:entity.goat.screaming.horn_break
[19:08:21] [Render thread/INFO] (Minecraft) OpenAL initialized on device OpenAL Soft on 扬声器 (Realtek(R) Audio)
[19:08:21] [Render thread/INFO] (Minecraft) Sound engine started
[19:08:21] [Render thread/INFO] (Minecraft) Created: 1024x512x2 minecraft:textures/atlas/blocks.png-atlas
[19:08:21] [Render thread/INFO] (Minecraft) Created: 256x256x4 minecraft:textures/atlas/signs.png-atlas
[19:08:21] [Render thread/INFO] (Minecraft) Created: 512x512x4 minecraft:textures/atlas/shield_patterns.png-atlas
[19:08:21] [Render thread/INFO] (Minecraft) Created: 512x512x4 minecraft:textures/atlas/banner_patterns.png-atlas
[19:08:21] [Render thread/INFO] (Minecraft) Created: 1024x1024x4 minecraft:textures/atlas/armor_trims.png-atlas
[19:08:21] [Render thread/INFO] (Minecraft) Created: 128x64x4 minecraft:textures/atlas/decorated_pot.png-atlas
[19:08:21] [Render thread/INFO] (Minecraft) Created: 256x256x4 minecraft:textures/atlas/chest.png-atlas
[19:08:21] [Render thread/INFO] (Minecraft) Created: 512x256x4 minecraft:textures/atlas/shulker_boxes.png-atlas
[19:08:21] [Render thread/INFO] (Minecraft) Created: 512x256x4 minecraft:textures/atlas/beds.png-atlas
[19:08:22] [Render thread/WARN] (Minecraft) Shader rendertype_entity_translucent_emissive could not find sampler named Sampler2 in the specified shader program.
[19:08:22] [Render thread/INFO] (Minecraft) Created: 256x256x0 minecraft:textures/atlas/particles.png-atlas
[19:08:22] [Render thread/INFO] (Minecraft) Created: 256x256x0 minecraft:textures/atlas/paintings.png-atlas
[19:08:22] [Render thread/INFO] (Minecraft) Created: 128x128x0 minecraft:textures/atlas/mob_effects.png-atlas
[19:08:22] [Render thread/INFO] (Minecraft) Created: 1024x512x0 minecraft:textures/atlas/gui.png-atlas
[19:08:28] [IO-Worker-1/INFO] (Minecraft) Could not authorize you against Realms server: Invalid session id
[19:08:28] [IO-Worker-1/ERROR] (Minecraft) Couldn't connect to realms
net.minecraft.client.realms.exception.RealmsServiceException: Realms authentication error with message 'Invalid session id'
	at net.minecraft.client.realms.RealmsClient.execute(RealmsClient.java:397) ~[minecraft-merged-1f338b2c9f-1.20.2-net.fabricmc.yarn.1_20_2.1.20.2+build.4-v2.jar:?]
	at net.minecraft.client.realms.RealmsClient.clientCompatible(RealmsClient.java:191) ~[minecraft-merged-1f338b2c9f-1.20.2-net.fabricmc.yarn.1_20_2.1.20.2+build.4-v2.jar:?]
	at net.minecraft.client.realms.RealmsAvailability.method_52627(RealmsAvailability.java:44) ~[minecraft-merged-1f338b2c9f-1.20.2-net.fabricmc.yarn.1_20_2.1.20.2+build.4-v2.jar:?]
	at java.util.concurrent.CompletableFuture$AsyncSupply.run(CompletableFuture.java:1768) ~[?:?]
	at java.util.concurrent.ThreadPoolExecutor.runWorker(ThreadPoolExecutor.java:1144) ~[?:?]
	at java.util.concurrent.ThreadPoolExecutor$Worker.run(ThreadPoolExecutor.java:642) ~[?:?]
	at java.lang.Thread.run(Thread.java:1623) ~[?:?]
[19:08:29] [Render thread/INFO] (Minecraft) Loaded 7 recipes
[19:08:29] [Render thread/INFO] (Minecraft) Loaded 1271 advancements
[19:08:33] [Render thread/INFO] (BiomeModificationImpl) Applied 0 biome modifications to 0 of 64 new biomes in 1.884 ms
[19:08:33] [Server thread/INFO] (Minecraft) Starting integrated minecraft server version 1.20.2
[19:08:33] [Server thread/INFO] (Minecraft) Generating keypair
[19:08:35] [Server thread/INFO] (Minecraft) Preparing start region for dimension minecraft:overworld
[19:08:35] [Render thread/INFO] (Minecraft) Preparing spawn area: 0%
[19:08:35] [Render thread/INFO] (Minecraft) Preparing spawn area: 0%
[19:08:36] [Render thread/INFO] (Minecraft) Preparing spawn area: 0%
[19:08:36] [Render thread/INFO] (Minecraft) Preparing spawn area: 2%
[19:08:37] [Render thread/INFO] (Minecraft) Preparing spawn area: 5%
[19:08:37] [Render thread/INFO] (Minecraft) Preparing spawn area: 9%
[19:08:38] [Render thread/INFO] (Minecraft) Preparing spawn area: 11%
[19:08:38] [Render thread/INFO] (Minecraft) Preparing spawn area: 16%
[19:08:39] [Render thread/INFO] (Minecraft) Preparing spawn area: 20%
[19:08:39] [Render thread/INFO] (Minecraft) Preparing spawn area: 24%
[19:08:40] [Render thread/INFO] (Minecraft) Preparing spawn area: 29%
[19:08:40] [Render thread/INFO] (Minecraft) Preparing spawn area: 34%
[19:08:41] [Render thread/INFO] (Minecraft) Preparing spawn area: 38%
[19:08:41] [Render thread/INFO] (Minecraft) Preparing spawn area: 42%
[19:08:42] [Render thread/INFO] (Minecraft) Preparing spawn area: 45%
[19:08:42] [Render thread/INFO] (Minecraft) Preparing spawn area: 51%
[19:08:43] [Render thread/INFO] (Minecraft) Preparing spawn area: 56%
[19:08:43] [Render thread/INFO] (Minecraft) Preparing spawn area: 56%
[19:08:44] [Render thread/INFO] (Minecraft) Preparing spawn area: 58%
[19:08:44] [Render thread/INFO] (Minecraft) Preparing spawn area: 63%
[19:08:45] [Render thread/INFO] (Minecraft) Preparing spawn area: 68%
[19:08:45] [Render thread/INFO] (Minecraft) Preparing spawn area: 72%
[19:08:46] [Render thread/INFO] (Minecraft) Preparing spawn area: 79%
[19:08:46] [Render thread/INFO] (Minecraft) Preparing spawn area: 84%
[19:08:47] [Render thread/INFO] (Minecraft) Preparing spawn area: 91%
[19:08:47] [Render thread/INFO] (Minecraft) Preparing spawn area: 98%
[19:08:47] [Render thread/INFO] (Minecraft) Time elapsed: 12570 ms
[19:08:48] [Server thread/INFO] (Minecraft) Changing view distance to 12, from 10
[19:08:48] [Server thread/INFO] (Minecraft) Changing simulation distance to 12, from 0
[19:08:49] [Netty Server IO #1/INFO] (ServerConfigurationNetworkAddon for Player87) Negotiated common packet version 1
[19:08:49] [Netty Local Client IO #0/INFO] (ClientPlayNetworkAddon for Player87) Negotiated common packet version 1
[19:08:49] [Server thread/INFO] (Minecraft) Player87[local:E:a8455568] logged in with entity id 261 at (5.5, 81.0, 7.5)
[19:08:49] [Server thread/INFO] (Minecraft) Player87 joined the game
[19:08:50] [Render thread/INFO] (Minecraft) Loaded 2 advancements
[19:09:11] [Server thread/INFO] (Minecraft) Saving and pausing game...
[19:09:11] [Server thread/INFO] (Minecraft) Saving chunks for level 'ServerLevel[New World]'/minecraft:overworld
[19:09:11] [Server thread/INFO] (Minecraft) Saving chunks for level 'ServerLevel[New World]'/minecraft:the_nether
[19:09:11] [Server thread/INFO] (Minecraft) Saving chunks for level 'ServerLevel[New World]'/minecraft:the_end
